Using pre-set license
Built from '2020.3/release' branch; Version is '2020.3.1f1 (77a89f25062f) revision 7841951'; Using compiler version '192528614'; Build Type 'Release'
OS: 'Windows 10 Home Single Language; OS build 19042.1237; Version 2009; 64bit' Language: 'es' Physical Memory: 12168 MB
BatchMode: 1, IsHumanControllingUs: 0, StartBugReporterOnCrash: 0, Is64bit: 1, IsPro: 0

 COMMAND LINE ARGUMENTS:
D:\Luiggi\Unity\2020.3.1f1\Editor\Unity.exe
-adb2
-batchMode
-noUpm
-name
AssetImportWorker0
-projectPath
D:/Luiggi/Documents/GitHub/Librero de aventuras
-logFile
Logs/AssetImportWorker0.log
-srvPort
62416
Successfully changed project path to: D:/Luiggi/Documents/GitHub/Librero de aventuras
D:/Luiggi/Documents/GitHub/Librero de aventuras
Using Asset Import Pipeline V2.
Refreshing native plugins compatible for Editor in 112.71 ms, found 1 plugins.
Preloading 0 native plugins for Editor in 0.00 ms.
Initialize engine version: 2020.3.1f1 (77a89f25062f)
[Subsystems] Discovering subsystems at path D:/Luiggi/Unity/2020.3.1f1/Editor/Data/Resources/UnitySubsystems
[Subsystems] Discovering subsystems at path D:/Luiggi/Documents/GitHub/Librero de aventuras/Assets
GfxDevice: creating device client; threaded=0
Direct3D:
    Version:  Direct3D 11.0 [level 11.1]
    Renderer: NVIDIA GeForce MX150 (ID=0x1d10)
    Vendor:   
    VRAM:     4027 MB
    Driver:   30.0.14.7141
Initialize mono
Mono path[0] = 'D:/Luiggi/Unity/2020.3.1f1/Editor/Data/Managed'
Mono path[1] = 'D:/Luiggi/Unity/2020.3.1f1/Editor/Data/MonoBleedingEdge/lib/mono/unityjit'
Mono config path = 'D:/Luiggi/Unity/2020.3.1f1/Editor/Data/MonoBleedingEdge/etc'
Using monoOptions --debugger-agent=transport=dt_socket,embedding=1,server=y,suspend=n,address=127.0.0.1:56144
Begin MonoManager ReloadAssembly
Registering precompiled unity dll's ...
Register platform support module: D:/Luiggi/Unity/2020.3.1f1/Editor/Data/PlaybackEngines/WindowsStandaloneSupport/UnityEditor.WindowsStandalone.Extensions.dll
Registered in 0.005262 seconds.
Native extension for WindowsStandalone target not found
Refreshing native plugins compatible for Editor in 83.98 ms, found 1 plugins.
Preloading 0 native plugins for Editor in 0.00 ms.
Invoked RoslynAnalysisRunner static constructor.
RoslynAnalysisRunner will not be running.
RoslynAnalysisRunner has terminated.
Mono: successfully reloaded assembly
- Completed reload, in  3.355 seconds
Platform modules already initialized, skipping
Registering precompiled user dll's ...
Registered in 0.002015 seconds.
Begin MonoManager ReloadAssembly
OnLevelWasLoaded was found on SScoreGlobal
This message has been deprecated and will be removed in a later version of Unity.
Add a delegate to SceneManager.sceneLoaded instead to get notifications after scene loading has completed
0x00007ff6e924e13c (Unity) StackWalker::GetCurrentCallstack
0x00007ff6e9256519 (Unity) StackWalker::ShowCallstack
0x00007ff6ea72a3bc (Unity) GetStacktrace
0x00007ff6eb81a273 (Unity) DebugStringToFile
0x00007ff6e9072bcb (Unity) PopulateMethods
0x00007ff6e906bb73 (Unity) CreateMonoScriptCache
0x00007ff6e906cd23 (Unity) FindOrCreateMonoScriptCache
0x00007ff6e9073e18 (Unity) MonoScript::Renew
0x00007ff6e90880c3 (Unity) MonoManager::EndReloadAssembly
0x00007ff6e908efe9 (Unity) MonoManager::ReloadAssembly
0x00007ff6ea431341 (Unity) LoadDomainAndUserAssemblies
0x00007ff6ea4317ee (Unity) LoadUserAssemblies
0x00007ff6e9dbc3f1 (Unity) Application::InitializeProject
0x00007ff6ea737922 (Unity) WinMain
0x00007ff6ec5ae0d6 (Unity) __scrt_common_main_seh
0x00007ff9fe8a7034 (KERNEL32) BaseThreadInitThunk
0x00007ff9feba2651 (ntdll) RtlUserThreadStart

Native extension for WindowsStandalone target not found
Refreshing native plugins compatible for Editor in 76.95 ms, found 1 plugins.
Preloading 0 native plugins for Editor in 0.00 ms.
Invoked RoslynAnalysisRunner static constructor.
RoslynAnalysisRunner will not be running.
RoslynAnalysisRunner has terminated.
Mono: successfully reloaded assembly
- Completed reload, in  2.355 seconds
Platform modules already initialized, skipping
========================================================================
Worker process is ready to serve import requests
Launched and connected shader compiler UnityShaderCompiler.exe after 0.07 seconds
Refreshing native plugins compatible for Editor in 1.09 ms, found 1 plugins.
Preloading 0 native plugins for Editor in 0.00 ms.
Unloading 2049 Unused Serialized files (Serialized files now loaded: 0)
System memory in use before: 188.4 MB.
System memory in use after: 188.5 MB.

Unloading 32 unused Assets to reduce memory usage. Loaded Objects now: 2517.
Total: 3.415500 ms (FindLiveObjects: 0.459900 ms CreateObjectMapping: 0.104100 ms MarkObjects: 2.772300 ms  DeleteObjects: 0.077900 ms)

========================================================================
Received Import Request.
  path: Assets/Scenes/Metodo/Level1.unity
  artifactKey: Guid(1abbd06d4e4c3124d9d65e7a2535196c) Importer(815301076,1909f56bfc062723c751e8b465ee728b)
Start importing Assets/Scenes/Metodo/Level1.unity using Guid(1abbd06d4e4c3124d9d65e7a2535196c) Importer(815301076,1909f56bfc062723c751e8b465ee728b)  -> (artifact id: 'ea9403a2ae97e0215347bce9075598f3') in 0.131228 seconds
  Import took 0.187668 seconds .

========================================================================
Received Import Request.
  Time since last request: 13.194947 seconds.
  path: Assets/Scenes/Metodo/Level2.unity
  artifactKey: Guid(142c3a4850cbe5b4f910fb3d2614b4de) Importer(815301076,1909f56bfc062723c751e8b465ee728b)
Start importing Assets/Scenes/Metodo/Level2.unity using Guid(142c3a4850cbe5b4f910fb3d2614b4de) Importer(815301076,1909f56bfc062723c751e8b465ee728b)  -> (artifact id: '0867276e10b8fc3611c34ad70624ee6e') in 0.016821 seconds
  Import took 0.045490 seconds .

========================================================================
Received Import Request.
  Time since last request: 337.314967 seconds.
  path: Assets/Scenes/Metodo/PreLevel1 1.unity
  artifactKey: Guid(b0bb345a95729f7448943bf7ee91e882) Importer(815301076,1909f56bfc062723c751e8b465ee728b)
Start importing Assets/Scenes/Metodo/PreLevel1 1.unity using Guid(b0bb345a95729f7448943bf7ee91e882) Importer(815301076,1909f56bfc062723c751e8b465ee728b)  -> (artifact id: '38abf53bd47fe983ecae8426a7d37cfc') in 0.015639 seconds
  Import took 0.042006 seconds .

========================================================================
Received Import Request.
  Time since last request: 6.051530 seconds.
  path: Assets/Scenes/Metodo/TutorialMetodo.unity
  artifactKey: Guid(b0bb345a95729f7448943bf7ee91e882) Importer(815301076,1909f56bfc062723c751e8b465ee728b)
Start importing Assets/Scenes/Metodo/TutorialMetodo.unity using Guid(b0bb345a95729f7448943bf7ee91e882) Importer(815301076,1909f56bfc062723c751e8b465ee728b)  -> (artifact id: '2fd43be1b478bf5f126000d1d447a799') in 0.015153 seconds
  Import took 0.050477 seconds .

========================================================================
Received Import Request.
  Time since last request: 354.824926 seconds.
  path: Assets/Scenes/Metodo/PreLevel2 1.unity
  artifactKey: Guid(8378b549980a7bd4885c2372b02c41de) Importer(815301076,1909f56bfc062723c751e8b465ee728b)
Start importing Assets/Scenes/Metodo/PreLevel2 1.unity using Guid(8378b549980a7bd4885c2372b02c41de) Importer(815301076,1909f56bfc062723c751e8b465ee728b)  -> (artifact id: '38cf2423fb6fceb45cac1b098daf693b') in 0.015750 seconds
  Import took 0.021639 seconds .

========================================================================
Received Import Request.
  Time since last request: 5.600409 seconds.
  path: Assets/Scenes/Metodo/TutorialMetodo.unity
  artifactKey: Guid(8378b549980a7bd4885c2372b02c41de) Importer(815301076,1909f56bfc062723c751e8b465ee728b)
Start importing Assets/Scenes/Metodo/TutorialMetodo.unity using Guid(8378b549980a7bd4885c2372b02c41de) Importer(815301076,1909f56bfc062723c751e8b465ee728b)  -> (artifact id: '0f90f1fef7e9cf9d4b90ee35bc13ca82') in 0.006840 seconds
  Import took 0.033083 seconds .

========================================================================
Received Import Request.
  Time since last request: 3650.562950 seconds.
  path: Assets/Scenes/Metodo/TutorialMetodo.unity
  artifactKey: Guid(8378b549980a7bd4885c2372b02c41de) Importer(815301076,1909f56bfc062723c751e8b465ee728b)
Start importing Assets/Scenes/Metodo/TutorialMetodo.unity using Guid(8378b549980a7bd4885c2372b02c41de) Importer(815301076,1909f56bfc062723c751e8b465ee728b)  -> (artifact id: 'e536362a0a9ffdf681e717b4b3a1462b') in 0.004652 seconds
  Import took 0.073325 seconds .

========================================================================
Received Import Request.
  Time since last request: 10859.490691 seconds.
  path: Assets/Sprites/metodocientifico.png
  artifactKey: Guid(bda5eb47aee09c741bc127483a81d1fc) Importer(815301076,1909f56bfc062723c751e8b465ee728b)
Start importing Assets/Sprites/metodocientifico.png using Guid(bda5eb47aee09c741bc127483a81d1fc) Importer(815301076,1909f56bfc062723c751e8b465ee728b)  -> (artifact id: 'b1358767e7cf8a785514fbb69be46df7') in 0.429137 seconds
  Import took 0.487164 seconds .

========================================================================
Received Import Request.
  Time since last request: 7.496706 seconds.
  path: Assets/Sprites/metodocientifico.png
  artifactKey: Guid(bda5eb47aee09c741bc127483a81d1fc) Importer(815301076,1909f56bfc062723c751e8b465ee728b)
Start importing Assets/Sprites/metodocientifico.png using Guid(bda5eb47aee09c741bc127483a81d1fc) Importer(815301076,1909f56bfc062723c751e8b465ee728b)  -> (artifact id: 'e44e839dedf1b4407087a2ce4f78bde2') in 0.047176 seconds
  Import took 0.073442 seconds .

========================================================================
Received Import Request.
  Time since last request: 1480.750787 seconds.
  path: Assets/Sprites/metodocientifico.png
  artifactKey: Guid(bda5eb47aee09c741bc127483a81d1fc) Importer(815301076,1909f56bfc062723c751e8b465ee728b)
Start importing Assets/Sprites/metodocientifico.png using Guid(bda5eb47aee09c741bc127483a81d1fc) Importer(815301076,1909f56bfc062723c751e8b465ee728b)  -> (artifact id: '3bf378d307c231bbe7dc4d6ded73702a') in 0.031509 seconds
  Import took 0.115282 seconds .

========================================================================
Received Import Request.
  Time since last request: 7.098700 seconds.
  path: Assets/Sprites/metodocientifico.png
  artifactKey: Guid(bda5eb47aee09c741bc127483a81d1fc) Importer(815301076,1909f56bfc062723c751e8b465ee728b)
Start importing Assets/Sprites/metodocientifico.png using Guid(bda5eb47aee09c741bc127483a81d1fc) Importer(815301076,1909f56bfc062723c751e8b465ee728b)  -> (artifact id: 'e43f80779349bb20dbe9794cca7166d7') in 0.069580 seconds
  Import took 0.074206 seconds .

========================================================================
Received Import Request.
  Time since last request: 7.139965 seconds.
  path: Assets/Sprites/metodocientifico.png
  artifactKey: Guid(bda5eb47aee09c741bc127483a81d1fc) Importer(815301076,1909f56bfc062723c751e8b465ee728b)
Start importing Assets/Sprites/metodocientifico.png using Guid(bda5eb47aee09c741bc127483a81d1fc) Importer(815301076,1909f56bfc062723c751e8b465ee728b)  -> (artifact id: '7ee7d243227337b0387c4a0de3656cff') in 0.074068 seconds
  Import took 0.133438 seconds .

========================================================================
Received Import Request.
  Time since last request: 34.430079 seconds.
  path: Assets/Sprites/metodocientifico.png
  artifactKey: Guid(bda5eb47aee09c741bc127483a81d1fc) Importer(815301076,1909f56bfc062723c751e8b465ee728b)
Start importing Assets/Sprites/metodocientifico.png using Guid(bda5eb47aee09c741bc127483a81d1fc) Importer(815301076,1909f56bfc062723c751e8b465ee728b)  -> (artifact id: 'c727e8ba41460b0d86678721858f9c5b') in 0.050570 seconds
  Import took 0.115681 seconds .

========================================================================
Received Import Request.
  Time since last request: 5951.110449 seconds.
  path: Assets/Sprites/metodocientifico.png
  artifactKey: Guid(bda5eb47aee09c741bc127483a81d1fc) Importer(815301076,1909f56bfc062723c751e8b465ee728b)
Start importing Assets/Sprites/metodocientifico.png using Guid(bda5eb47aee09c741bc127483a81d1fc) Importer(815301076,1909f56bfc062723c751e8b465ee728b)  -> (artifact id: '02315362f7deef16f8940640802e235d') in 0.059348 seconds
  Import took 0.119886 seconds .

========================================================================
Received Import Request.
  Time since last request: 8787.227493 seconds.
  path: Assets/Sprites/metodo
  artifactKey: Guid(1474373b270a0524b8b6c736846b8ed0) Importer(815301076,1909f56bfc062723c751e8b465ee728b)
Start importing Assets/Sprites/metodo using Guid(1474373b270a0524b8b6c736846b8ed0) Importer(815301076,1909f56bfc062723c751e8b465ee728b)  -> (artifact id: '72f61dcaed15409931781f564b117f34') in 0.049625 seconds
  Import took 0.149621 seconds .

========================================================================
Received Import Request.
  Time since last request: 6.727335 seconds.
  path: Assets/Sprites/metodo/analisis.png
  artifactKey: Guid(a8a14e0d222e2fb48baf5395c415a877) Importer(815301076,1909f56bfc062723c751e8b465ee728b)
Start importing Assets/Sprites/metodo/analisis.png using Guid(a8a14e0d222e2fb48baf5395c415a877) Importer(815301076,1909f56bfc062723c751e8b465ee728b)  -> (artifact id: 'fc721b64103b4447e8f5816cced9b321') in 0.040159 seconds
  Import took 0.248448 seconds .

========================================================================
Received Import Request.
  Time since last request: 10.436622 seconds.
  path: Assets/Sprites/metodo/formulacion.png
  artifactKey: Guid(c303085bd26b479449715c1aa878eba2) Importer(815301076,1909f56bfc062723c751e8b465ee728b)
Start importing Assets/Sprites/metodo/formulacion.png using Guid(c303085bd26b479449715c1aa878eba2) Importer(815301076,1909f56bfc062723c751e8b465ee728b)  -> (artifact id: '26135a7b1d8368d0ced70b22c2902c29') in 0.042838 seconds
  Import took 0.127491 seconds .

========================================================================
Received Import Request.
  Time since last request: 6.750967 seconds.
  path: Assets/Sprites/metodo/Observacion.png
  artifactKey: Guid(72a9f85b3b9350f449b90f020e2ec267) Importer(815301076,1909f56bfc062723c751e8b465ee728b)
Start importing Assets/Sprites/metodo/Observacion.png using Guid(72a9f85b3b9350f449b90f020e2ec267) Importer(815301076,1909f56bfc062723c751e8b465ee728b)  -> (artifact id: 'e25bb04caeb44f400ffd608de2703d4a') in 0.062785 seconds
  Import took 0.154759 seconds .

========================================================================
Received Import Request.
  Time since last request: 41.919242 seconds.
  path: Assets/Sprites/metodo/hipotesis.png
  artifactKey: Guid(a719e1658f6262640ae6bfb2a9f21ae5) Importer(815301076,1909f56bfc062723c751e8b465ee728b)
Start importing Assets/Sprites/metodo/hipotesis.png using Guid(a719e1658f6262640ae6bfb2a9f21ae5) Importer(815301076,1909f56bfc062723c751e8b465ee728b)  -> (artifact id: 'c890135d1e2c666709677b52b36b5bce') in 0.058091 seconds
  Import took 0.213756 seconds .

========================================================================
Received Import Request.
  Time since last request: 2837.799842 seconds.
  path: Assets/Sprites/metodo/formulacion.png
  artifactKey: Guid(c303085bd26b479449715c1aa878eba2) Importer(815301076,1909f56bfc062723c751e8b465ee728b)
Start importing Assets/Sprites/metodo/formulacion.png using Guid(c303085bd26b479449715c1aa878eba2) Importer(815301076,1909f56bfc062723c751e8b465ee728b)  -> (artifact id: '4496fa9206e5f04bbf2e83917370de6d') in 0.028810 seconds
  Import took 0.179871 seconds .

========================================================================
Received Import Request.
  Time since last request: 16.957655 seconds.
  path: Assets/Sprites/metodo/formulacion.png
  artifactKey: Guid(c303085bd26b479449715c1aa878eba2) Importer(815301076,1909f56bfc062723c751e8b465ee728b)
Start importing Assets/Sprites/metodo/formulacion.png using Guid(c303085bd26b479449715c1aa878eba2) Importer(815301076,1909f56bfc062723c751e8b465ee728b)  -> (artifact id: 'd67aa65c043282769367ec26cc4b2912') in 0.082626 seconds
  Import took 0.212658 seconds .

========================================================================
Received Import Request.
  Time since last request: 693.748087 seconds.
  path: Assets/Sprites/metodo/hipotesis.png
  artifactKey: Guid(a719e1658f6262640ae6bfb2a9f21ae5) Importer(815301076,1909f56bfc062723c751e8b465ee728b)
Start importing Assets/Sprites/metodo/hipotesis.png using Guid(a719e1658f6262640ae6bfb2a9f21ae5) Importer(815301076,1909f56bfc062723c751e8b465ee728b)  -> (artifact id: 'da037542b3d5b6205243b3b7419e4638') in 0.038642 seconds
  Import took 0.120951 seconds .

========================================================================
Received Import Request.
  Time since last request: 9.366724 seconds.
  path: Assets/Sprites/metodo/hipotesis.png
  artifactKey: Guid(a719e1658f6262640ae6bfb2a9f21ae5) Importer(815301076,1909f56bfc062723c751e8b465ee728b)
Start importing Assets/Sprites/metodo/hipotesis.png using Guid(a719e1658f6262640ae6bfb2a9f21ae5) Importer(815301076,1909f56bfc062723c751e8b465ee728b)  -> (artifact id: '829c38d0ac4e02beffb9dec99459eec3') in 0.033602 seconds
  Import took 0.162175 seconds .

========================================================================
Received Import Request.
  Time since last request: 65.933504 seconds.
  path: Assets/Sprites/metodo/experimentacion.png
  artifactKey: Guid(8824b2d1095382b449dc9113fda563e9) Importer(815301076,1909f56bfc062723c751e8b465ee728b)
Start importing Assets/Sprites/metodo/experimentacion.png using Guid(8824b2d1095382b449dc9113fda563e9) Importer(815301076,1909f56bfc062723c751e8b465ee728b)  -> (artifact id: 'bee99c0e5b0a77baa1e29860f2bd3158') in 0.054307 seconds
  Import took 0.074220 seconds .

========================================================================
Received Import Request.
  Time since last request: 5.508569 seconds.
  path: Assets/Sprites/metodo/experimentacion.png
  artifactKey: Guid(8824b2d1095382b449dc9113fda563e9) Importer(815301076,1909f56bfc062723c751e8b465ee728b)
Start importing Assets/Sprites/metodo/experimentacion.png using Guid(8824b2d1095382b449dc9113fda563e9) Importer(815301076,1909f56bfc062723c751e8b465ee728b)  -> (artifact id: '4316822a61e9e90a093834037d18b116') in 0.050118 seconds
  Import took 0.095483 seconds .

========================================================================
Received Import Request.
  Time since last request: 4.895638 seconds.
  path: Assets/Sprites/metodo/experimentacion.png
  artifactKey: Guid(8824b2d1095382b449dc9113fda563e9) Importer(815301076,1909f56bfc062723c751e8b465ee728b)
Start importing Assets/Sprites/metodo/experimentacion.png using Guid(8824b2d1095382b449dc9113fda563e9) Importer(815301076,1909f56bfc062723c751e8b465ee728b)  -> (artifact id: 'f7e8411c3f94c205d78baad5c3aafdd9') in 0.059211 seconds
  Import took 0.297421 seconds .

========================================================================
Received Import Request.
  Time since last request: 195.511842 seconds.
  path: Assets/Sprites/metodo/conclusion.png
  artifactKey: Guid(8a2e1248885ec8b41b9808c056abf0bf) Importer(815301076,1909f56bfc062723c751e8b465ee728b)
Start importing Assets/Sprites/metodo/conclusion.png using Guid(8a2e1248885ec8b41b9808c056abf0bf) Importer(815301076,1909f56bfc062723c751e8b465ee728b)  -> (artifact id: '183e393e325ff6076def1b110c10a0b7') in 0.040745 seconds
  Import took 0.105723 seconds .

========================================================================
Received Import Request.
  Time since last request: 5.531129 seconds.
  path: Assets/Sprites/metodo/conclusion.png
  artifactKey: Guid(8a2e1248885ec8b41b9808c056abf0bf) Importer(815301076,1909f56bfc062723c751e8b465ee728b)
Start importing Assets/Sprites/metodo/conclusion.png using Guid(8a2e1248885ec8b41b9808c056abf0bf) Importer(815301076,1909f56bfc062723c751e8b465ee728b)  -> (artifact id: 'b0385b933f2824a3a55ebad649ae7ebd') in 0.054951 seconds
  Import took 0.128706 seconds .

========================================================================
Received Import Request.
  Time since last request: 5.542826 seconds.
  path: Assets/Sprites/metodo/conclusion.png
  artifactKey: Guid(8a2e1248885ec8b41b9808c056abf0bf) Importer(815301076,1909f56bfc062723c751e8b465ee728b)
Start importing Assets/Sprites/metodo/conclusion.png using Guid(8a2e1248885ec8b41b9808c056abf0bf) Importer(815301076,1909f56bfc062723c751e8b465ee728b)  -> (artifact id: 'a3ebe1ee0ba651f7968f5fb724dae860') in 0.026822 seconds
  Import took 0.181288 seconds .

========================================================================
Received Import Request.
  Time since last request: 9.321354 seconds.
  path: Assets/Sprites/metodo/analisis.png
  artifactKey: Guid(a8a14e0d222e2fb48baf5395c415a877) Importer(815301076,1909f56bfc062723c751e8b465ee728b)
Start importing Assets/Sprites/metodo/analisis.png using Guid(a8a14e0d222e2fb48baf5395c415a877) Importer(815301076,1909f56bfc062723c751e8b465ee728b)  -> (artifact id: 'ed609c677be033fbca9e3abc814562b6') in 0.019779 seconds
  Import took 0.115937 seconds .

========================================================================
Received Import Request.
  Time since last request: 5.671364 seconds.
  path: Assets/Sprites/metodo/analisis.png
  artifactKey: Guid(a8a14e0d222e2fb48baf5395c415a877) Importer(815301076,1909f56bfc062723c751e8b465ee728b)
Start importing Assets/Sprites/metodo/analisis.png using Guid(a8a14e0d222e2fb48baf5395c415a877) Importer(815301076,1909f56bfc062723c751e8b465ee728b)  -> (artifact id: '64690e9391ca863c10552b331f2340fb') in 0.036817 seconds
  Import took 0.122649 seconds .

========================================================================
Received Import Request.
  Time since last request: 3961.577187 seconds.
  path: Assets/Scripts/Metodo/MetodoPreNivel1.cs
  artifactKey: Guid(1b9d004349e5e6341ba262cc06edd15c) Importer(815301076,1909f56bfc062723c751e8b465ee728b)
Start importing Assets/Scripts/Metodo/MetodoPreNivel1.cs using Guid(1b9d004349e5e6341ba262cc06edd15c) Importer(815301076,1909f56bfc062723c751e8b465ee728b)  -> (artifact id: '20121c1d1ca9bd2bbe6423075e3d8b26') in 0.394455 seconds
  Import took 0.484363 seconds .

========================================================================
Received Import Request.
  Time since last request: 7.282180 seconds.
  path: Assets/Scripts/Metodo/MetodoTutorial.cs
  artifactKey: Guid(1b9d004349e5e6341ba262cc06edd15c) Importer(815301076,1909f56bfc062723c751e8b465ee728b)
Start importing Assets/Scripts/Metodo/MetodoTutorial.cs using Guid(1b9d004349e5e6341ba262cc06edd15c) Importer(815301076,1909f56bfc062723c751e8b465ee728b)  -> (artifact id: 'a16f17c97639bf133ea3e8e55a3c4999') in 0.011032 seconds
  Import took 0.054574 seconds .

========================================================================
Received Import Request.
  Time since last request: 100.364452 seconds.
  path: Assets/Scripts/Metodo/MetodoTutorial.cs
  artifactKey: Guid(1b9d004349e5e6341ba262cc06edd15c) Importer(815301076,1909f56bfc062723c751e8b465ee728b)
Start importing Assets/Scripts/Metodo/MetodoTutorial.cs using Guid(1b9d004349e5e6341ba262cc06edd15c) Importer(815301076,1909f56bfc062723c751e8b465ee728b)  -> (artifact id: 'bc71a5120f3aa8456e83c51a731d94c7') in 0.008752 seconds
  Import took 2.407919 seconds .

========================================================================
Received Prepare
Registering precompiled user dll's ...
Registered in 0.042538 seconds.
Begin MonoManager ReloadAssembly
Native extension for WindowsStandalone target not found
Refreshing native plugins compatible for Editor in 1.14 ms, found 1 plugins.
Preloading 0 native plugins for Editor in 0.00 ms.
Invoked RoslynAnalysisRunner static constructor.
RoslynAnalysisRunner will not be running.
RoslynAnalysisRunner has terminated.
Mono: successfully reloaded assembly
- Completed reload, in  2.196 seconds
Platform modules already initialized, skipping
OnLevelWasLoaded was found on SScoreGlobal
This message has been deprecated and will be removed in a later version of Unity.
Add a delegate to SceneManager.sceneLoaded instead to get notifications after scene loading has completed
0x00007ff6e924e13c (Unity) StackWalker::GetCurrentCallstack
0x00007ff6e9256519 (Unity) StackWalker::ShowCallstack
0x00007ff6ea72a3bc (Unity) GetStacktrace
0x00007ff6eb81a273 (Unity) DebugStringToFile
0x00007ff6e9072bcb (Unity) PopulateMethods
0x00007ff6e906bb73 (Unity) CreateMonoScriptCache
0x00007ff6e906cd23 (Unity) FindOrCreateMonoScriptCache
0x00007ff6e9072e73 (Unity) MonoScript::Rebuild
0x00007ff6e9072f91 (Unity) MonoScript::RebuildFromAwake
0x00007ff6e916bd3a (Unity) PersistentManager::ReadAndActivateObjectThreaded
0x00007ff6e916c189 (Unity) PersistentManager::ReadObjectThreaded
0x00007ff6e916bf3a (Unity) PersistentManager::ReadObject
0x00007ff6ea869278 (Unity) AssetImportWorkerClient::RegisterAvailableScripts
0x00007ff6ea86456a (Unity) <lambda_79a3ebc38cb5166d44d10a16a21fca24>::operator()
0x00007ff6ea92f5e2 (Unity) asio::detail::completion_handler<core::mutable_function<void __cdecl(void)> >::do_complete
0x00007ff6ea931740 (Unity) asio::detail::win_iocp_io_service::do_one
0x00007ff6ea934ece (Unity) asio::io_service::run
0x00007ff6ea8ab0c0 (Unity) RunAssetImportWorkerClientV2
0x00007ff6ea8ab110 (Unity) RunAssetImporterV2
0x00007ff6e9dbc3f6 (Unity) Application::InitializeProject
0x00007ff6ea737922 (Unity) WinMain
0x00007ff6ec5ae0d6 (Unity) __scrt_common_main_seh
0x00007ff9fe8a7034 (KERNEL32) BaseThreadInitThunk
0x00007ff9feba2651 (ntdll) RtlUserThreadStart

Switching build target platform(5) subTarget(0) extendedPlatform(0) -> platform(13) subTarget(537395200) extendedPlatform(0)
Refreshing native plugins compatible for Editor in 1.38 ms, found 1 plugins.
Preloading 0 native plugins for Editor in 0.00 ms.
Unloading 2031 Unused Serialized files (Serialized files now loaded: 0)
System memory in use before: 189.8 MB.
System memory in use after: 189.9 MB.

Unloading 21 unused Assets to reduce memory usage. Loaded Objects now: 2548.
Total: 7.181800 ms (FindLiveObjects: 0.337300 ms CreateObjectMapping: 0.137000 ms MarkObjects: 6.650500 ms  DeleteObjects: 0.054700 ms)

AssetImportParameters requested are different than current active one (requested -> active):
  custom:graphics/normal-map-encoding: 01000000000000000000000000000000 -> 02000000000000000000000000000000
AssetImportWorkerClient::OnTransportError - code=2 error=End of file
