Using pre-set license
Built from '2020.3/release' branch; Version is '2020.3.1f1 (77a89f25062f) revision 7841951'; Using compiler version '192528614'; Build Type 'Release'
OS: 'Windows 10 Home Single Language; OS build 19042.1237; Version 2009; 64bit' Language: 'es' Physical Memory: 12168 MB
BatchMode: 1, IsHumanControllingUs: 0, StartBugReporterOnCrash: 0, Is64bit: 1, IsPro: 0

 COMMAND LINE ARGUMENTS:
D:\Luiggi\Unity\2020.3.1f1\Editor\Unity.exe
-adb2
-batchMode
-noUpm
-name
AssetImportWorker0
-projectPath
D:/Luiggi/Documents/GitHub/Librero de aventuras
-logFile
Logs/AssetImportWorker0.log
-srvPort
54272
Successfully changed project path to: D:/Luiggi/Documents/GitHub/Librero de aventuras
D:/Luiggi/Documents/GitHub/Librero de aventuras
Using Asset Import Pipeline V2.
Refreshing native plugins compatible for Editor in 86.21 ms, found 1 plugins.
Preloading 0 native plugins for Editor in 0.00 ms.
Initialize engine version: 2020.3.1f1 (77a89f25062f)
[Subsystems] Discovering subsystems at path D:/Luiggi/Unity/2020.3.1f1/Editor/Data/Resources/UnitySubsystems
[Subsystems] Discovering subsystems at path D:/Luiggi/Documents/GitHub/Librero de aventuras/Assets
GfxDevice: creating device client; threaded=0
Direct3D:
    Version:  Direct3D 11.0 [level 11.1]
    Renderer: NVIDIA GeForce MX150 (ID=0x1d10)
    Vendor:   
    VRAM:     4027 MB
    Driver:   30.0.14.7141
Initialize mono
Mono path[0] = 'D:/Luiggi/Unity/2020.3.1f1/Editor/Data/Managed'
Mono path[1] = 'D:/Luiggi/Unity/2020.3.1f1/Editor/Data/MonoBleedingEdge/lib/mono/unityjit'
Mono config path = 'D:/Luiggi/Unity/2020.3.1f1/Editor/Data/MonoBleedingEdge/etc'
Using monoOptions --debugger-agent=transport=dt_socket,embedding=1,server=y,suspend=n,address=127.0.0.1:56252
Begin MonoManager ReloadAssembly
Registering precompiled unity dll's ...
Register platform support module: D:/Luiggi/Unity/2020.3.1f1/Editor/Data/PlaybackEngines/WindowsStandaloneSupport/UnityEditor.WindowsStandalone.Extensions.dll
Registered in 0.004214 seconds.
Native extension for WindowsStandalone target not found
Refreshing native plugins compatible for Editor in 71.90 ms, found 1 plugins.
Preloading 0 native plugins for Editor in 0.00 ms.
Invoked RoslynAnalysisRunner static constructor.
RoslynAnalysisRunner will not be running.
RoslynAnalysisRunner has terminated.
Mono: successfully reloaded assembly
- Completed reload, in  2.695 seconds
Platform modules already initialized, skipping
Registering precompiled user dll's ...
Registered in 0.005041 seconds.
Begin MonoManager ReloadAssembly
OnLevelWasLoaded was found on SScoreGlobal
This message has been deprecated and will be removed in a later version of Unity.
Add a delegate to SceneManager.sceneLoaded instead to get notifications after scene loading has completed
0x00007ff73e1ee13c (Unity) StackWalker::GetCurrentCallstack
0x00007ff73e1f6519 (Unity) StackWalker::ShowCallstack
0x00007ff73f6ca3bc (Unity) GetStacktrace
0x00007ff7407ba273 (Unity) DebugStringToFile
0x00007ff73e012bcb (Unity) PopulateMethods
0x00007ff73e00bb73 (Unity) CreateMonoScriptCache
0x00007ff73e00cd23 (Unity) FindOrCreateMonoScriptCache
0x00007ff73e013e18 (Unity) MonoScript::Renew
0x00007ff73e0280c3 (Unity) MonoManager::EndReloadAssembly
0x00007ff73e02efe9 (Unity) MonoManager::ReloadAssembly
0x00007ff73f3d1341 (Unity) LoadDomainAndUserAssemblies
0x00007ff73f3d17ee (Unity) LoadUserAssemblies
0x00007ff73ed5c3f1 (Unity) Application::InitializeProject
0x00007ff73f6d7922 (Unity) WinMain
0x00007ff74154e0d6 (Unity) __scrt_common_main_seh
0x00007ff9fe8a7034 (KERNEL32) BaseThreadInitThunk
0x00007ff9feba2651 (ntdll) RtlUserThreadStart

Native extension for WindowsStandalone target not found
Refreshing native plugins compatible for Editor in 62.32 ms, found 1 plugins.
Preloading 0 native plugins for Editor in 0.00 ms.
Invoked RoslynAnalysisRunner static constructor.
RoslynAnalysisRunner will not be running.
RoslynAnalysisRunner has terminated.
Mono: successfully reloaded assembly
- Completed reload, in  1.971 seconds
Platform modules already initialized, skipping
========================================================================
Worker process is ready to serve import requests
Launched and connected shader compiler UnityShaderCompiler.exe after 0.05 seconds
Refreshing native plugins compatible for Editor in 0.70 ms, found 1 plugins.
Preloading 0 native plugins for Editor in 0.00 ms.
Unloading 2088 Unused Serialized files (Serialized files now loaded: 0)
System memory in use before: 189.9 MB.
System memory in use after: 190.0 MB.

Unloading 35 unused Assets to reduce memory usage. Loaded Objects now: 2553.
Total: 2.737900 ms (FindLiveObjects: 0.353900 ms CreateObjectMapping: 0.375100 ms MarkObjects: 1.949800 ms  DeleteObjects: 0.058100 ms)

========================================================================
Received Import Request.
  path: Assets/ProjectAssambly.asmdef
  artifactKey: Guid(a06ed47b2dbc674479f2133b1169b591) Importer(815301076,1909f56bfc062723c751e8b465ee728b)
Start importing Assets/ProjectAssambly.asmdef using Guid(a06ed47b2dbc674479f2133b1169b591) Importer(815301076,1909f56bfc062723c751e8b465ee728b)  -> (artifact id: '1c0e6c20fd09549adcad928bd04638e3') in 0.045875 seconds
  Import took 0.050261 seconds .

========================================================================
Received Prepare
Registering precompiled user dll's ...
Registered in 0.006127 seconds.
Begin MonoManager ReloadAssembly
Native extension for WindowsStandalone target not found
Refreshing native plugins compatible for Editor in 0.72 ms, found 1 plugins.
Preloading 0 native plugins for Editor in 0.00 ms.
Invoked RoslynAnalysisRunner static constructor.
RoslynAnalysisRunner will not be running.
RoslynAnalysisRunner has terminated.
Mono: successfully reloaded assembly
- Completed reload, in  1.174 seconds
Platform modules already initialized, skipping
OnLevelWasLoaded was found on SScoreGlobal
This message has been deprecated and will be removed in a later version of Unity.
Add a delegate to SceneManager.sceneLoaded instead to get notifications after scene loading has completed
0x00007ff73e1ee13c (Unity) StackWalker::GetCurrentCallstack
0x00007ff73e1f6519 (Unity) StackWalker::ShowCallstack
0x00007ff73f6ca3bc (Unity) GetStacktrace
0x00007ff7407ba273 (Unity) DebugStringToFile
0x00007ff73e012bcb (Unity) PopulateMethods
0x00007ff73e00bb73 (Unity) CreateMonoScriptCache
0x00007ff73e00cd23 (Unity) FindOrCreateMonoScriptCache
0x00007ff73e012e73 (Unity) MonoScript::Rebuild
0x00007ff73e012f91 (Unity) MonoScript::RebuildFromAwake
0x00007ff73e10bd3a (Unity) PersistentManager::ReadAndActivateObjectThreaded
0x00007ff73e10c189 (Unity) PersistentManager::ReadObjectThreaded
0x00007ff73e10bf3a (Unity) PersistentManager::ReadObject
0x00007ff73f809278 (Unity) AssetImportWorkerClient::RegisterAvailableScripts
0x00007ff73f80456a (Unity) <lambda_79a3ebc38cb5166d44d10a16a21fca24>::operator()
0x00007ff73f8cf5e2 (Unity) asio::detail::completion_handler<core::mutable_function<void __cdecl(void)> >::do_complete
0x00007ff73f8d1740 (Unity) asio::detail::win_iocp_io_service::do_one
0x00007ff73f8d4ece (Unity) asio::io_service::run
0x00007ff73f84b0c0 (Unity) RunAssetImportWorkerClientV2
0x00007ff73f84b110 (Unity) RunAssetImporterV2
0x00007ff73ed5c3f6 (Unity) Application::InitializeProject
0x00007ff73f6d7922 (Unity) WinMain
0x00007ff74154e0d6 (Unity) __scrt_common_main_seh
0x00007ff9fe8a7034 (KERNEL32) BaseThreadInitThunk
0x00007ff9feba2651 (ntdll) RtlUserThreadStart

Switching build target platform(5) subTarget(0) extendedPlatform(0) -> platform(13) subTarget(537395200) extendedPlatform(0)
Refreshing native plugins compatible for Editor in 0.91 ms, found 1 plugins.
Preloading 0 native plugins for Editor in 0.00 ms.
Unloading 2069 Unused Serialized files (Serialized files now loaded: 0)
System memory in use before: 188.2 MB.
System memory in use after: 188.3 MB.

Unloading 24 unused Assets to reduce memory usage. Loaded Objects now: 2557.
Total: 3.906900 ms (FindLiveObjects: 0.299300 ms CreateObjectMapping: 0.078400 ms MarkObjects: 3.508500 ms  DeleteObjects: 0.019400 ms)

AssetImportParameters requested are different than current active one (requested -> active):
  custom:graphics/normal-map-encoding: 01000000000000000000000000000000 -> 02000000000000000000000000000000
========================================================================
Received Import Request.
  Time since last request: 77.634384 seconds.
  path: Assets/Scripts/Sistema/LeaderBoardController.cs
  artifactKey: Guid(5d64438a8f437d1428e343153fdeda23) Importer(815301076,1909f56bfc062723c751e8b465ee728b)
Start importing Assets/Scripts/Sistema/LeaderBoardController.cs using Guid(5d64438a8f437d1428e343153fdeda23) Importer(815301076,1909f56bfc062723c751e8b465ee728b)  -> (artifact id: '3a5514ec24bf4ace0c99ab8ba8599953') in 0.017724 seconds
  Import took 0.021608 seconds .

========================================================================
Received Prepare
Registering precompiled user dll's ...
Registered in 0.007774 seconds.
Begin MonoManager ReloadAssembly
Native extension for WindowsStandalone target not found
Refreshing native plugins compatible for Editor in 0.68 ms, found 1 plugins.
Preloading 0 native plugins for Editor in 0.00 ms.
Invoked RoslynAnalysisRunner static constructor.
RoslynAnalysisRunner will not be running.
RoslynAnalysisRunner has terminated.
Mono: successfully reloaded assembly
- Completed reload, in  1.325 seconds
Platform modules already initialized, skipping
OnLevelWasLoaded was found on SScoreGlobal
This message has been deprecated and will be removed in a later version of Unity.
Add a delegate to SceneManager.sceneLoaded instead to get notifications after scene loading has completed
0x00007ff73e1ee13c (Unity) StackWalker::GetCurrentCallstack
0x00007ff73e1f6519 (Unity) StackWalker::ShowCallstack
0x00007ff73f6ca3bc (Unity) GetStacktrace
0x00007ff7407ba273 (Unity) DebugStringToFile
0x00007ff73e012bcb (Unity) PopulateMethods
0x00007ff73e00bb73 (Unity) CreateMonoScriptCache
0x00007ff73e00cd23 (Unity) FindOrCreateMonoScriptCache
0x00007ff73e012e73 (Unity) MonoScript::Rebuild
0x00007ff73e012f91 (Unity) MonoScript::RebuildFromAwake
0x00007ff73e10bd3a (Unity) PersistentManager::ReadAndActivateObjectThreaded
0x00007ff73e10c189 (Unity) PersistentManager::ReadObjectThreaded
0x00007ff73e10bf3a (Unity) PersistentManager::ReadObject
0x00007ff73f809278 (Unity) AssetImportWorkerClient::RegisterAvailableScripts
0x00007ff73f80456a (Unity) <lambda_79a3ebc38cb5166d44d10a16a21fca24>::operator()
0x00007ff73f8cf5e2 (Unity) asio::detail::completion_handler<core::mutable_function<void __cdecl(void)> >::do_complete
0x00007ff73f8d1740 (Unity) asio::detail::win_iocp_io_service::do_one
0x00007ff73f8d4ece (Unity) asio::io_service::run
0x00007ff73f84b0c0 (Unity) RunAssetImportWorkerClientV2
0x00007ff73f84b110 (Unity) RunAssetImporterV2
0x00007ff73ed5c3f6 (Unity) Application::InitializeProject
0x00007ff73f6d7922 (Unity) WinMain
0x00007ff74154e0d6 (Unity) __scrt_common_main_seh
0x00007ff9fe8a7034 (KERNEL32) BaseThreadInitThunk
0x00007ff9feba2651 (ntdll) RtlUserThreadStart

Switching build target platform(5) subTarget(0) extendedPlatform(0) -> platform(13) subTarget(537395200) extendedPlatform(0)
Refreshing native plugins compatible for Editor in 0.75 ms, found 1 plugins.
Preloading 0 native plugins for Editor in 0.00 ms.
Unloading 2069 Unused Serialized files (Serialized files now loaded: 0)
System memory in use before: 188.2 MB.
System memory in use after: 188.3 MB.

Unloading 24 unused Assets to reduce memory usage. Loaded Objects now: 2561.
Total: 2.806100 ms (FindLiveObjects: 0.369500 ms CreateObjectMapping: 0.115300 ms MarkObjects: 2.266900 ms  DeleteObjects: 0.052900 ms)

AssetImportParameters requested are different than current active one (requested -> active):
  custom:graphics/normal-map-encoding: 01000000000000000000000000000000 -> 02000000000000000000000000000000
AssetImportWorkerClient::OnTransportError - code=2 error=End of file
