Using pre-set license
Built from '2020.3/release' branch; Version is '2020.3.1f1 (77a89f25062f) revision 7841951'; Using compiler version '192528614'; Build Type 'Release'
OS: 'Windows 10 Home Single Language; OS build 19042.1110; Version 2009; 64bit' Language: 'es' Physical Memory: 12168 MB
BatchMode: 1, IsHumanControllingUs: 0, StartBugReporterOnCrash: 0, Is64bit: 1, IsPro: 0

 COMMAND LINE ARGUMENTS:
D:\Luiggi\Unity\2020.3.1f1\Editor\Unity.exe
-adb2
-batchMode
-noUpm
-name
AssetImportWorker2
-projectPath
D:/Luiggi/Documents/GitHub/Librero de aventuras
-logFile
Logs/AssetImportWorker2.log
-srvPort
62676
Successfully changed project path to: D:/Luiggi/Documents/GitHub/Librero de aventuras
D:/Luiggi/Documents/GitHub/Librero de aventuras
Using Asset Import Pipeline V2.
Refreshing native plugins compatible for Editor in 95.78 ms, found 1 plugins.
Preloading 0 native plugins for Editor in 0.00 ms.
Initialize engine version: 2020.3.1f1 (77a89f25062f)
[Subsystems] Discovering subsystems at path D:/Luiggi/Unity/2020.3.1f1/Editor/Data/Resources/UnitySubsystems
[Subsystems] Discovering subsystems at path D:/Luiggi/Documents/GitHub/Librero de aventuras/Assets
GfxDevice: creating device client; threaded=0
Direct3D:
    Version:  Direct3D 11.0 [level 11.1]
    Renderer: NVIDIA GeForce MX150 (ID=0x1d10)
    Vendor:   
    VRAM:     4027 MB
    Driver:   30.0.14.7141
Initialize mono
Mono path[0] = 'D:/Luiggi/Unity/2020.3.1f1/Editor/Data/Managed'
Mono path[1] = 'D:/Luiggi/Unity/2020.3.1f1/Editor/Data/MonoBleedingEdge/lib/mono/unityjit'
Mono config path = 'D:/Luiggi/Unity/2020.3.1f1/Editor/Data/MonoBleedingEdge/etc'
Using monoOptions --debugger-agent=transport=dt_socket,embedding=1,server=y,suspend=n,address=127.0.0.1:56924
Begin MonoManager ReloadAssembly
Registering precompiled unity dll's ...
Register platform support module: D:/Luiggi/Unity/2020.3.1f1/Editor/Data/PlaybackEngines/WindowsStandaloneSupport/UnityEditor.WindowsStandalone.Extensions.dll
Registered in 0.002361 seconds.
Native extension for WindowsStandalone target not found
Refreshing native plugins compatible for Editor in 74.83 ms, found 1 plugins.
Preloading 0 native plugins for Editor in 0.00 ms.
Invoked RoslynAnalysisRunner static constructor.
RoslynAnalysisRunner will not be running.
RoslynAnalysisRunner has terminated.
Mono: successfully reloaded assembly
- Completed reload, in  4.340 seconds
Platform modules already initialized, skipping
Registering precompiled user dll's ...
Registered in 0.001202 seconds.
Begin MonoManager ReloadAssembly
OnLevelWasLoaded was found on SScoreGlobal
This message has been deprecated and will be removed in a later version of Unity.
Add a delegate to SceneManager.sceneLoaded instead to get notifications after scene loading has completed
0x00007ff78142e13c (Unity) StackWalker::GetCurrentCallstack
0x00007ff781436519 (Unity) StackWalker::ShowCallstack
0x00007ff78290a3bc (Unity) GetStacktrace
0x00007ff7839fa273 (Unity) DebugStringToFile
0x00007ff781252bcb (Unity) PopulateMethods
0x00007ff78124bb73 (Unity) CreateMonoScriptCache
0x00007ff78124cd23 (Unity) FindOrCreateMonoScriptCache
0x00007ff781253e18 (Unity) MonoScript::Renew
0x00007ff7812680c3 (Unity) MonoManager::EndReloadAssembly
0x00007ff78126efe9 (Unity) MonoManager::ReloadAssembly
0x00007ff782611341 (Unity) LoadDomainAndUserAssemblies
0x00007ff7826117ee (Unity) LoadUserAssemblies
0x00007ff781f9c3f1 (Unity) Application::InitializeProject
0x00007ff782917922 (Unity) WinMain
0x00007ff78478e0d6 (Unity) __scrt_common_main_seh
0x00007ff8cd047034 (KERNEL32) BaseThreadInitThunk
0x00007ff8ce7c2651 (ntdll) RtlUserThreadStart

Native extension for WindowsStandalone target not found
Refreshing native plugins compatible for Editor in 55.62 ms, found 1 plugins.
Preloading 0 native plugins for Editor in 0.00 ms.
Invoked RoslynAnalysisRunner static constructor.
RoslynAnalysisRunner will not be running.
RoslynAnalysisRunner has terminated.
Mono: successfully reloaded assembly
- Completed reload, in 12.137 seconds
Platform modules already initialized, skipping
========================================================================
Worker process is ready to serve import requests
Launched and connected shader compiler UnityShaderCompiler.exe after 0.19 seconds
Refreshing native plugins compatible for Editor in 0.78 ms, found 1 plugins.
Preloading 0 native plugins for Editor in 0.00 ms.
Unloading 2078 Unused Serialized files (Serialized files now loaded: 0)
System memory in use before: 189.2 MB.
System memory in use after: 189.3 MB.

Unloading 32 unused Assets to reduce memory usage. Loaded Objects now: 2546.
Total: 2.776800 ms (FindLiveObjects: 0.362800 ms CreateObjectMapping: 0.354800 ms MarkObjects: 2.001300 ms  DeleteObjects: 0.056600 ms)

========================================================================
Received Prepare
Registering precompiled user dll's ...
Registered in 0.002822 seconds.
Begin MonoManager ReloadAssembly
Native extension for WindowsStandalone target not found
Refreshing native plugins compatible for Editor in 0.75 ms, found 1 plugins.
Preloading 0 native plugins for Editor in 0.00 ms.
Invoked RoslynAnalysisRunner static constructor.
RoslynAnalysisRunner will not be running.
RoslynAnalysisRunner has terminated.
Mono: successfully reloaded assembly
- Completed reload, in  1.457 seconds
Platform modules already initialized, skipping
OnLevelWasLoaded was found on SScoreGlobal
This message has been deprecated and will be removed in a later version of Unity.
Add a delegate to SceneManager.sceneLoaded instead to get notifications after scene loading has completed
0x00007ff78142e13c (Unity) StackWalker::GetCurrentCallstack
0x00007ff781436519 (Unity) StackWalker::ShowCallstack
0x00007ff78290a3bc (Unity) GetStacktrace
0x00007ff7839fa273 (Unity) DebugStringToFile
0x00007ff781252bcb (Unity) PopulateMethods
0x00007ff78124bb73 (Unity) CreateMonoScriptCache
0x00007ff78124cd23 (Unity) FindOrCreateMonoScriptCache
0x00007ff781252e73 (Unity) MonoScript::Rebuild
0x00007ff781252f91 (Unity) MonoScript::RebuildFromAwake
0x00007ff78134bd3a (Unity) PersistentManager::ReadAndActivateObjectThreaded
0x00007ff78134c189 (Unity) PersistentManager::ReadObjectThreaded
0x00007ff78134bf3a (Unity) PersistentManager::ReadObject
0x00007ff782a49278 (Unity) AssetImportWorkerClient::RegisterAvailableScripts
0x00007ff782a4456a (Unity) <lambda_79a3ebc38cb5166d44d10a16a21fca24>::operator()
0x00007ff782b0f5e2 (Unity) asio::detail::completion_handler<core::mutable_function<void __cdecl(void)> >::do_complete
0x00007ff782b11740 (Unity) asio::detail::win_iocp_io_service::do_one
0x00007ff782b14ece (Unity) asio::io_service::run
0x00007ff782a8b0c0 (Unity) RunAssetImportWorkerClientV2
0x00007ff782a8b110 (Unity) RunAssetImporterV2
0x00007ff781f9c3f6 (Unity) Application::InitializeProject
0x00007ff782917922 (Unity) WinMain
0x00007ff78478e0d6 (Unity) __scrt_common_main_seh
0x00007ff8cd047034 (KERNEL32) BaseThreadInitThunk
0x00007ff8ce7c2651 (ntdll) RtlUserThreadStart

Switching build target platform(5) subTarget(0) extendedPlatform(0) -> platform(13) subTarget(537395200) extendedPlatform(0)
Refreshing native plugins compatible for Editor in 0.94 ms, found 1 plugins.
Preloading 0 native plugins for Editor in 0.00 ms.
Unloading 2059 Unused Serialized files (Serialized files now loaded: 0)
System memory in use before: 187.5 MB.
System memory in use after: 187.6 MB.

Unloading 21 unused Assets to reduce memory usage. Loaded Objects now: 2550.
Total: 3.668100 ms (FindLiveObjects: 0.447100 ms CreateObjectMapping: 0.208800 ms MarkObjects: 2.985500 ms  DeleteObjects: 0.025100 ms)

AssetImportParameters requested are different than current active one (requested -> active):
  custom:graphics/normal-map-encoding: 01000000000000000000000000000000 -> 02000000000000000000000000000000
========================================================================
Received Import Request.
  path: Assets/Scenes/Ecosistema/GoldMiner/LagoLevel1.unity
  artifactKey: Guid(72b0e8e2199011e4abd93659dff5847f) Importer(815301076,1909f56bfc062723c751e8b465ee728b)
Start importing Assets/Scenes/Ecosistema/GoldMiner/LagoLevel1.unity using Guid(72b0e8e2199011e4abd93659dff5847f) Importer(815301076,1909f56bfc062723c751e8b465ee728b)  -> (artifact id: '5348893dd2d3730ae127fc0f21f9a48a') in 0.020322 seconds
  Import took 0.024542 seconds .

========================================================================
Received Import Request.
  Time since last request: 4.294714 seconds.
  path: Assets/Scenes/Ecosistema/GoldMiner/LagoLevel2.unity
  artifactKey: Guid(0c366e555dca51b47a21b459aa825c6b) Importer(815301076,1909f56bfc062723c751e8b465ee728b)
Start importing Assets/Scenes/Ecosistema/GoldMiner/LagoLevel2.unity using Guid(0c366e555dca51b47a21b459aa825c6b) Importer(815301076,1909f56bfc062723c751e8b465ee728b)  -> (artifact id: '12bc27d31c1e3b60b4d124506d22ec0f') in 0.023337 seconds
  Import took 0.028233 seconds .

========================================================================
Received Prepare
Registering precompiled user dll's ...
Registered in 0.002235 seconds.
Begin MonoManager ReloadAssembly
Native extension for WindowsStandalone target not found
Refreshing native plugins compatible for Editor in 0.81 ms, found 1 plugins.
Preloading 0 native plugins for Editor in 0.00 ms.
Invoked RoslynAnalysisRunner static constructor.
RoslynAnalysisRunner will not be running.
RoslynAnalysisRunner has terminated.
Mono: successfully reloaded assembly
- Completed reload, in  1.642 seconds
Platform modules already initialized, skipping
OnLevelWasLoaded was found on SScoreGlobal
This message has been deprecated and will be removed in a later version of Unity.
Add a delegate to SceneManager.sceneLoaded instead to get notifications after scene loading has completed
0x00007ff78142e13c (Unity) StackWalker::GetCurrentCallstack
0x00007ff781436519 (Unity) StackWalker::ShowCallstack
0x00007ff78290a3bc (Unity) GetStacktrace
0x00007ff7839fa273 (Unity) DebugStringToFile
0x00007ff781252bcb (Unity) PopulateMethods
0x00007ff78124bb73 (Unity) CreateMonoScriptCache
0x00007ff78124cd23 (Unity) FindOrCreateMonoScriptCache
0x00007ff781252e73 (Unity) MonoScript::Rebuild
0x00007ff781252f91 (Unity) MonoScript::RebuildFromAwake
0x00007ff78134bd3a (Unity) PersistentManager::ReadAndActivateObjectThreaded
0x00007ff78134c189 (Unity) PersistentManager::ReadObjectThreaded
0x00007ff78134bf3a (Unity) PersistentManager::ReadObject
0x00007ff782a49278 (Unity) AssetImportWorkerClient::RegisterAvailableScripts
0x00007ff782a4456a (Unity) <lambda_79a3ebc38cb5166d44d10a16a21fca24>::operator()
0x00007ff782b0f5e2 (Unity) asio::detail::completion_handler<core::mutable_function<void __cdecl(void)> >::do_complete
0x00007ff782b11740 (Unity) asio::detail::win_iocp_io_service::do_one
0x00007ff782b14ece (Unity) asio::io_service::run
0x00007ff782a8b0c0 (Unity) RunAssetImportWorkerClientV2
0x00007ff782a8b110 (Unity) RunAssetImporterV2
0x00007ff781f9c3f6 (Unity) Application::InitializeProject
0x00007ff782917922 (Unity) WinMain
0x00007ff78478e0d6 (Unity) __scrt_common_main_seh
0x00007ff8cd047034 (KERNEL32) BaseThreadInitThunk
0x00007ff8ce7c2651 (ntdll) RtlUserThreadStart

Switching build target platform(5) subTarget(0) extendedPlatform(0) -> platform(13) subTarget(537395200) extendedPlatform(0)
Refreshing native plugins compatible for Editor in 1.27 ms, found 1 plugins.
Preloading 0 native plugins for Editor in 0.00 ms.
Unloading 2059 Unused Serialized files (Serialized files now loaded: 0)
System memory in use before: 187.6 MB.
System memory in use after: 187.7 MB.

Unloading 21 unused Assets to reduce memory usage. Loaded Objects now: 2554.
Total: 4.441100 ms (FindLiveObjects: 0.616800 ms CreateObjectMapping: 0.456900 ms MarkObjects: 3.328400 ms  DeleteObjects: 0.036300 ms)

AssetImportParameters requested are different than current active one (requested -> active):
  custom:graphics/normal-map-encoding: 01000000000000000000000000000000 -> 02000000000000000000000000000000
========================================================================
Received Prepare
Registering precompiled user dll's ...
Registered in 0.003693 seconds.
Begin MonoManager ReloadAssembly
Native extension for WindowsStandalone target not found
Refreshing native plugins compatible for Editor in 1.24 ms, found 1 plugins.
Preloading 0 native plugins for Editor in 0.00 ms.
Invoked RoslynAnalysisRunner static constructor.
RoslynAnalysisRunner will not be running.
RoslynAnalysisRunner has terminated.
Mono: successfully reloaded assembly
- Completed reload, in  1.703 seconds
Platform modules already initialized, skipping
OnLevelWasLoaded was found on SScoreGlobal
This message has been deprecated and will be removed in a later version of Unity.
Add a delegate to SceneManager.sceneLoaded instead to get notifications after scene loading has completed
0x00007ff78142e13c (Unity) StackWalker::GetCurrentCallstack
0x00007ff781436519 (Unity) StackWalker::ShowCallstack
0x00007ff78290a3bc (Unity) GetStacktrace
0x00007ff7839fa273 (Unity) DebugStringToFile
0x00007ff781252bcb (Unity) PopulateMethods
0x00007ff78124bb73 (Unity) CreateMonoScriptCache
0x00007ff78124cd23 (Unity) FindOrCreateMonoScriptCache
0x00007ff781252e73 (Unity) MonoScript::Rebuild
0x00007ff781252f91 (Unity) MonoScript::RebuildFromAwake
0x00007ff78134bd3a (Unity) PersistentManager::ReadAndActivateObjectThreaded
0x00007ff78134c189 (Unity) PersistentManager::ReadObjectThreaded
0x00007ff78134bf3a (Unity) PersistentManager::ReadObject
0x00007ff782a49278 (Unity) AssetImportWorkerClient::RegisterAvailableScripts
0x00007ff782a4456a (Unity) <lambda_79a3ebc38cb5166d44d10a16a21fca24>::operator()
0x00007ff782b0f5e2 (Unity) asio::detail::completion_handler<core::mutable_function<void __cdecl(void)> >::do_complete
0x00007ff782b11740 (Unity) asio::detail::win_iocp_io_service::do_one
0x00007ff782b14ece (Unity) asio::io_service::run
0x00007ff782a8b0c0 (Unity) RunAssetImportWorkerClientV2
0x00007ff782a8b110 (Unity) RunAssetImporterV2
0x00007ff781f9c3f6 (Unity) Application::InitializeProject
0x00007ff782917922 (Unity) WinMain
0x00007ff78478e0d6 (Unity) __scrt_common_main_seh
0x00007ff8cd047034 (KERNEL32) BaseThreadInitThunk
0x00007ff8ce7c2651 (ntdll) RtlUserThreadStart

Switching build target platform(5) subTarget(0) extendedPlatform(0) -> platform(13) subTarget(537395200) extendedPlatform(0)
Refreshing native plugins compatible for Editor in 1.50 ms, found 1 plugins.
Preloading 0 native plugins for Editor in 0.00 ms.
Unloading 2059 Unused Serialized files (Serialized files now loaded: 0)
System memory in use before: 187.6 MB.
System memory in use after: 187.7 MB.

Unloading 21 unused Assets to reduce memory usage. Loaded Objects now: 2558.
Total: 4.966800 ms (FindLiveObjects: 0.547700 ms CreateObjectMapping: 0.216500 ms MarkObjects: 4.169700 ms  DeleteObjects: 0.030100 ms)

AssetImportParameters requested are different than current active one (requested -> active):
  custom:graphics/normal-map-encoding: 01000000000000000000000000000000 -> 02000000000000000000000000000000
========================================================================
Received Import Request.
  Time since last request: 280.260784 seconds.
  path: Assets/Scenes/Ecosistema/GoldMiner/LagoLevel2.unity
  artifactKey: Guid(0c366e555dca51b47a21b459aa825c6b) Importer(815301076,1909f56bfc062723c751e8b465ee728b)
Start importing Assets/Scenes/Ecosistema/GoldMiner/LagoLevel2.unity using Guid(0c366e555dca51b47a21b459aa825c6b) Importer(815301076,1909f56bfc062723c751e8b465ee728b)  -> (artifact id: 'c26ea381a926484c2e95fbb605641c35') in 0.017953 seconds
  Import took 0.023092 seconds .

========================================================================
Received Prepare
Registering precompiled user dll's ...
Registered in 0.004133 seconds.
Begin MonoManager ReloadAssembly
Native extension for WindowsStandalone target not found
Refreshing native plugins compatible for Editor in 0.89 ms, found 1 plugins.
Preloading 0 native plugins for Editor in 0.00 ms.
Invoked RoslynAnalysisRunner static constructor.
RoslynAnalysisRunner will not be running.
RoslynAnalysisRunner has terminated.
Mono: successfully reloaded assembly
- Completed reload, in  1.627 seconds
Platform modules already initialized, skipping
OnLevelWasLoaded was found on SScoreGlobal
This message has been deprecated and will be removed in a later version of Unity.
Add a delegate to SceneManager.sceneLoaded instead to get notifications after scene loading has completed
0x00007ff78142e13c (Unity) StackWalker::GetCurrentCallstack
0x00007ff781436519 (Unity) StackWalker::ShowCallstack
0x00007ff78290a3bc (Unity) GetStacktrace
0x00007ff7839fa273 (Unity) DebugStringToFile
0x00007ff781252bcb (Unity) PopulateMethods
0x00007ff78124bb73 (Unity) CreateMonoScriptCache
0x00007ff78124cd23 (Unity) FindOrCreateMonoScriptCache
0x00007ff781252e73 (Unity) MonoScript::Rebuild
0x00007ff781252f91 (Unity) MonoScript::RebuildFromAwake
0x00007ff78134bd3a (Unity) PersistentManager::ReadAndActivateObjectThreaded
0x00007ff78134c189 (Unity) PersistentManager::ReadObjectThreaded
0x00007ff78134bf3a (Unity) PersistentManager::ReadObject
0x00007ff782a49278 (Unity) AssetImportWorkerClient::RegisterAvailableScripts
0x00007ff782a4456a (Unity) <lambda_79a3ebc38cb5166d44d10a16a21fca24>::operator()
0x00007ff782b0f5e2 (Unity) asio::detail::completion_handler<core::mutable_function<void __cdecl(void)> >::do_complete
0x00007ff782b11740 (Unity) asio::detail::win_iocp_io_service::do_one
0x00007ff782b14ece (Unity) asio::io_service::run
0x00007ff782a8b0c0 (Unity) RunAssetImportWorkerClientV2
0x00007ff782a8b110 (Unity) RunAssetImporterV2
0x00007ff781f9c3f6 (Unity) Application::InitializeProject
0x00007ff782917922 (Unity) WinMain
0x00007ff78478e0d6 (Unity) __scrt_common_main_seh
0x00007ff8cd047034 (KERNEL32) BaseThreadInitThunk
0x00007ff8ce7c2651 (ntdll) RtlUserThreadStart

Switching build target platform(5) subTarget(0) extendedPlatform(0) -> platform(13) subTarget(537395200) extendedPlatform(0)
Refreshing native plugins compatible for Editor in 1.42 ms, found 1 plugins.
Preloading 0 native plugins for Editor in 0.00 ms.
Unloading 2059 Unused Serialized files (Serialized files now loaded: 0)
System memory in use before: 187.6 MB.
System memory in use after: 187.7 MB.

Unloading 21 unused Assets to reduce memory usage. Loaded Objects now: 2562.
Total: 3.136500 ms (FindLiveObjects: 0.278000 ms CreateObjectMapping: 0.171200 ms MarkObjects: 2.659500 ms  DeleteObjects: 0.026200 ms)

AssetImportParameters requested are different than current active one (requested -> active):
  custom:graphics/normal-map-encoding: 01000000000000000000000000000000 -> 02000000000000000000000000000000
========================================================================
Received Import Request.
  Time since last request: 490.305437 seconds.
  path: Assets/Animations/GoldMiner/Lvl3
  artifactKey: Guid(517ed4dcddbad354eaee80e66c19344c) Importer(815301076,1909f56bfc062723c751e8b465ee728b)
Start importing Assets/Animations/GoldMiner/Lvl3 using Guid(517ed4dcddbad354eaee80e66c19344c) Importer(815301076,1909f56bfc062723c751e8b465ee728b)  -> (artifact id: '6697c328bfd427228d5530e5c3a2be0c') in 0.015825 seconds
  Import took 0.019668 seconds .

========================================================================
Received Import Request.
  Time since last request: 21.652003 seconds.
  path: Assets/Scenes/Ecosistema/GoldMiner/LagoLevel2.unity
  artifactKey: Guid(0c366e555dca51b47a21b459aa825c6b) Importer(815301076,1909f56bfc062723c751e8b465ee728b)
Start importing Assets/Scenes/Ecosistema/GoldMiner/LagoLevel2.unity using Guid(0c366e555dca51b47a21b459aa825c6b) Importer(815301076,1909f56bfc062723c751e8b465ee728b)  -> (artifact id: 'ccfefb8d2ed7b0590f98bff38398eb9f') in 0.017724 seconds
  Import took 0.022784 seconds .

========================================================================
Received Import Request.
  Time since last request: 458.652086 seconds.
  path: Assets/Scenes/Ecosistema/GoldMiner/LagoLevel2 1.unity
  artifactKey: Guid(b63f09a13efef444d826d87ee34163b3) Importer(815301076,1909f56bfc062723c751e8b465ee728b)
Start importing Assets/Scenes/Ecosistema/GoldMiner/LagoLevel2 1.unity using Guid(b63f09a13efef444d826d87ee34163b3) Importer(815301076,1909f56bfc062723c751e8b465ee728b)  -> (artifact id: 'bb2f5fd25ebb6a913d6e14ecd45c45fd') in 0.015848 seconds
  Import took 0.019901 seconds .

========================================================================
Received Import Request.
  Time since last request: 6.277461 seconds.
  path: Assets/Scenes/Ecosistema/GoldMiner/LagoLevel3.unity
  artifactKey: Guid(b63f09a13efef444d826d87ee34163b3) Importer(815301076,1909f56bfc062723c751e8b465ee728b)
Start importing Assets/Scenes/Ecosistema/GoldMiner/LagoLevel3.unity using Guid(b63f09a13efef444d826d87ee34163b3) Importer(815301076,1909f56bfc062723c751e8b465ee728b)  -> (artifact id: 'e5265f44ca1fe2c52ab4b0b664be35be') in 0.012409 seconds
  Import took 0.017249 seconds .

========================================================================
Received Prepare
Registering precompiled user dll's ...
Registered in 0.001011 seconds.
Begin MonoManager ReloadAssembly
Native extension for WindowsStandalone target not found
Refreshing native plugins compatible for Editor in 0.67 ms, found 1 plugins.
Preloading 0 native plugins for Editor in 0.00 ms.
Invoked RoslynAnalysisRunner static constructor.
RoslynAnalysisRunner will not be running.
RoslynAnalysisRunner has terminated.
Mono: successfully reloaded assembly
- Completed reload, in  1.017 seconds
Platform modules already initialized, skipping
OnLevelWasLoaded was found on SScoreGlobal
This message has been deprecated and will be removed in a later version of Unity.
Add a delegate to SceneManager.sceneLoaded instead to get notifications after scene loading has completed
0x00007ff78142e13c (Unity) StackWalker::GetCurrentCallstack
0x00007ff781436519 (Unity) StackWalker::ShowCallstack
0x00007ff78290a3bc (Unity) GetStacktrace
0x00007ff7839fa273 (Unity) DebugStringToFile
0x00007ff781252bcb (Unity) PopulateMethods
0x00007ff78124bb73 (Unity) CreateMonoScriptCache
0x00007ff78124cd23 (Unity) FindOrCreateMonoScriptCache
0x00007ff781252e73 (Unity) MonoScript::Rebuild
0x00007ff781252f91 (Unity) MonoScript::RebuildFromAwake
0x00007ff78134bd3a (Unity) PersistentManager::ReadAndActivateObjectThreaded
0x00007ff78134c189 (Unity) PersistentManager::ReadObjectThreaded
0x00007ff78134bf3a (Unity) PersistentManager::ReadObject
0x00007ff782a49278 (Unity) AssetImportWorkerClient::RegisterAvailableScripts
0x00007ff782a4456a (Unity) <lambda_79a3ebc38cb5166d44d10a16a21fca24>::operator()
0x00007ff782b0f5e2 (Unity) asio::detail::completion_handler<core::mutable_function<void __cdecl(void)> >::do_complete
0x00007ff782b11740 (Unity) asio::detail::win_iocp_io_service::do_one
0x00007ff782b14ece (Unity) asio::io_service::run
0x00007ff782a8b0c0 (Unity) RunAssetImportWorkerClientV2
0x00007ff782a8b110 (Unity) RunAssetImporterV2
0x00007ff781f9c3f6 (Unity) Application::InitializeProject
0x00007ff782917922 (Unity) WinMain
0x00007ff78478e0d6 (Unity) __scrt_common_main_seh
0x00007ff8cd047034 (KERNEL32) BaseThreadInitThunk
0x00007ff8ce7c2651 (ntdll) RtlUserThreadStart

Switching build target platform(5) subTarget(0) extendedPlatform(0) -> platform(13) subTarget(537395200) extendedPlatform(0)
Refreshing native plugins compatible for Editor in 0.65 ms, found 1 plugins.
Preloading 0 native plugins for Editor in 0.00 ms.
Unloading 2059 Unused Serialized files (Serialized files now loaded: 0)
System memory in use before: 187.6 MB.
System memory in use after: 187.8 MB.

Unloading 21 unused Assets to reduce memory usage. Loaded Objects now: 2566.
Total: 2.368000 ms (FindLiveObjects: 0.309500 ms CreateObjectMapping: 0.123500 ms MarkObjects: 1.891200 ms  DeleteObjects: 0.042500 ms)

AssetImportParameters requested are different than current active one (requested -> active):
  custom:graphics/normal-map-encoding: 01000000000000000000000000000000 -> 02000000000000000000000000000000
========================================================================
Received Prepare
Registering precompiled user dll's ...
Registered in 0.001125 seconds.
Begin MonoManager ReloadAssembly
Native extension for WindowsStandalone target not found
Refreshing native plugins compatible for Editor in 0.80 ms, found 1 plugins.
Preloading 0 native plugins for Editor in 0.00 ms.
Invoked RoslynAnalysisRunner static constructor.
RoslynAnalysisRunner will not be running.
RoslynAnalysisRunner has terminated.
Mono: successfully reloaded assembly
- Completed reload, in  0.980 seconds
Platform modules already initialized, skipping
OnLevelWasLoaded was found on SScoreGlobal
This message has been deprecated and will be removed in a later version of Unity.
Add a delegate to SceneManager.sceneLoaded instead to get notifications after scene loading has completed
0x00007ff78142e13c (Unity) StackWalker::GetCurrentCallstack
0x00007ff781436519 (Unity) StackWalker::ShowCallstack
0x00007ff78290a3bc (Unity) GetStacktrace
0x00007ff7839fa273 (Unity) DebugStringToFile
0x00007ff781252bcb (Unity) PopulateMethods
0x00007ff78124bb73 (Unity) CreateMonoScriptCache
0x00007ff78124cd23 (Unity) FindOrCreateMonoScriptCache
0x00007ff781252e73 (Unity) MonoScript::Rebuild
0x00007ff781252f91 (Unity) MonoScript::RebuildFromAwake
0x00007ff78134bd3a (Unity) PersistentManager::ReadAndActivateObjectThreaded
0x00007ff78134c189 (Unity) PersistentManager::ReadObjectThreaded
0x00007ff78134bf3a (Unity) PersistentManager::ReadObject
0x00007ff782a49278 (Unity) AssetImportWorkerClient::RegisterAvailableScripts
0x00007ff782a4456a (Unity) <lambda_79a3ebc38cb5166d44d10a16a21fca24>::operator()
0x00007ff782b0f5e2 (Unity) asio::detail::completion_handler<core::mutable_function<void __cdecl(void)> >::do_complete
0x00007ff782b11740 (Unity) asio::detail::win_iocp_io_service::do_one
0x00007ff782b14ece (Unity) asio::io_service::run
0x00007ff782a8b0c0 (Unity) RunAssetImportWorkerClientV2
0x00007ff782a8b110 (Unity) RunAssetImporterV2
0x00007ff781f9c3f6 (Unity) Application::InitializeProject
0x00007ff782917922 (Unity) WinMain
0x00007ff78478e0d6 (Unity) __scrt_common_main_seh
0x00007ff8cd047034 (KERNEL32) BaseThreadInitThunk
0x00007ff8ce7c2651 (ntdll) RtlUserThreadStart

Switching build target platform(5) subTarget(0) extendedPlatform(0) -> platform(13) subTarget(537395200) extendedPlatform(0)
Refreshing native plugins compatible for Editor in 0.83 ms, found 1 plugins.
Preloading 0 native plugins for Editor in 0.00 ms.
Unloading 2059 Unused Serialized files (Serialized files now loaded: 0)
System memory in use before: 187.7 MB.
System memory in use after: 187.8 MB.

Unloading 21 unused Assets to reduce memory usage. Loaded Objects now: 2570.
Total: 2.857700 ms (FindLiveObjects: 0.696900 ms CreateObjectMapping: 0.224000 ms MarkObjects: 1.914900 ms  DeleteObjects: 0.020700 ms)

AssetImportParameters requested are different than current active one (requested -> active):
  custom:graphics/normal-map-encoding: 01000000000000000000000000000000 -> 02000000000000000000000000000000
========================================================================
Received Prepare
Registering precompiled user dll's ...
Registered in 0.001540 seconds.
Begin MonoManager ReloadAssembly
Native extension for WindowsStandalone target not found
Refreshing native plugins compatible for Editor in 0.66 ms, found 1 plugins.
Preloading 0 native plugins for Editor in 0.00 ms.
Invoked RoslynAnalysisRunner static constructor.
RoslynAnalysisRunner will not be running.
RoslynAnalysisRunner has terminated.
Mono: successfully reloaded assembly
- Completed reload, in  0.975 seconds
Platform modules already initialized, skipping
OnLevelWasLoaded was found on SScoreGlobal
This message has been deprecated and will be removed in a later version of Unity.
Add a delegate to SceneManager.sceneLoaded instead to get notifications after scene loading has completed
0x00007ff78142e13c (Unity) StackWalker::GetCurrentCallstack
0x00007ff781436519 (Unity) StackWalker::ShowCallstack
0x00007ff78290a3bc (Unity) GetStacktrace
0x00007ff7839fa273 (Unity) DebugStringToFile
0x00007ff781252bcb (Unity) PopulateMethods
0x00007ff78124bb73 (Unity) CreateMonoScriptCache
0x00007ff78124cd23 (Unity) FindOrCreateMonoScriptCache
0x00007ff781252e73 (Unity) MonoScript::Rebuild
0x00007ff781252f91 (Unity) MonoScript::RebuildFromAwake
0x00007ff78134bd3a (Unity) PersistentManager::ReadAndActivateObjectThreaded
0x00007ff78134c189 (Unity) PersistentManager::ReadObjectThreaded
0x00007ff78134bf3a (Unity) PersistentManager::ReadObject
0x00007ff782a49278 (Unity) AssetImportWorkerClient::RegisterAvailableScripts
0x00007ff782a4456a (Unity) <lambda_79a3ebc38cb5166d44d10a16a21fca24>::operator()
0x00007ff782b0f5e2 (Unity) asio::detail::completion_handler<core::mutable_function<void __cdecl(void)> >::do_complete
0x00007ff782b11740 (Unity) asio::detail::win_iocp_io_service::do_one
0x00007ff782b14ece (Unity) asio::io_service::run
0x00007ff782a8b0c0 (Unity) RunAssetImportWorkerClientV2
0x00007ff782a8b110 (Unity) RunAssetImporterV2
0x00007ff781f9c3f6 (Unity) Application::InitializeProject
0x00007ff782917922 (Unity) WinMain
0x00007ff78478e0d6 (Unity) __scrt_common_main_seh
0x00007ff8cd047034 (KERNEL32) BaseThreadInitThunk
0x00007ff8ce7c2651 (ntdll) RtlUserThreadStart

Switching build target platform(5) subTarget(0) extendedPlatform(0) -> platform(13) subTarget(537395200) extendedPlatform(0)
Refreshing native plugins compatible for Editor in 0.82 ms, found 1 plugins.
Preloading 0 native plugins for Editor in 0.00 ms.
Unloading 2059 Unused Serialized files (Serialized files now loaded: 0)
System memory in use before: 187.7 MB.
System memory in use after: 187.8 MB.

Unloading 21 unused Assets to reduce memory usage. Loaded Objects now: 2574.
Total: 2.570500 ms (FindLiveObjects: 0.454100 ms CreateObjectMapping: 0.156300 ms MarkObjects: 1.916800 ms  DeleteObjects: 0.020300 ms)

AssetImportParameters requested are different than current active one (requested -> active):
  custom:graphics/normal-map-encoding: 01000000000000000000000000000000 -> 02000000000000000000000000000000
========================================================================
Received Prepare
Registering precompiled user dll's ...
Registered in 0.002702 seconds.
Begin MonoManager ReloadAssembly
Native extension for WindowsStandalone target not found
Refreshing native plugins compatible for Editor in 0.70 ms, found 1 plugins.
Preloading 0 native plugins for Editor in 0.00 ms.
Invoked RoslynAnalysisRunner static constructor.
RoslynAnalysisRunner will not be running.
RoslynAnalysisRunner has terminated.
Mono: successfully reloaded assembly
- Completed reload, in  1.067 seconds
Platform modules already initialized, skipping
OnLevelWasLoaded was found on SScoreGlobal
This message has been deprecated and will be removed in a later version of Unity.
Add a delegate to SceneManager.sceneLoaded instead to get notifications after scene loading has completed
0x00007ff78142e13c (Unity) StackWalker::GetCurrentCallstack
0x00007ff781436519 (Unity) StackWalker::ShowCallstack
0x00007ff78290a3bc (Unity) GetStacktrace
0x00007ff7839fa273 (Unity) DebugStringToFile
0x00007ff781252bcb (Unity) PopulateMethods
0x00007ff78124bb73 (Unity) CreateMonoScriptCache
0x00007ff78124cd23 (Unity) FindOrCreateMonoScriptCache
0x00007ff781252e73 (Unity) MonoScript::Rebuild
0x00007ff781252f91 (Unity) MonoScript::RebuildFromAwake
0x00007ff78134bd3a (Unity) PersistentManager::ReadAndActivateObjectThreaded
0x00007ff78134c189 (Unity) PersistentManager::ReadObjectThreaded
0x00007ff78134bf3a (Unity) PersistentManager::ReadObject
0x00007ff782a49278 (Unity) AssetImportWorkerClient::RegisterAvailableScripts
0x00007ff782a4456a (Unity) <lambda_79a3ebc38cb5166d44d10a16a21fca24>::operator()
0x00007ff782b0f5e2 (Unity) asio::detail::completion_handler<core::mutable_function<void __cdecl(void)> >::do_complete
0x00007ff782b11740 (Unity) asio::detail::win_iocp_io_service::do_one
0x00007ff782b14ece (Unity) asio::io_service::run
0x00007ff782a8b0c0 (Unity) RunAssetImportWorkerClientV2
0x00007ff782a8b110 (Unity) RunAssetImporterV2
0x00007ff781f9c3f6 (Unity) Application::InitializeProject
0x00007ff782917922 (Unity) WinMain
0x00007ff78478e0d6 (Unity) __scrt_common_main_seh
0x00007ff8cd047034 (KERNEL32) BaseThreadInitThunk
0x00007ff8ce7c2651 (ntdll) RtlUserThreadStart

Switching build target platform(5) subTarget(0) extendedPlatform(0) -> platform(13) subTarget(537395200) extendedPlatform(0)
Refreshing native plugins compatible for Editor in 0.72 ms, found 1 plugins.
Preloading 0 native plugins for Editor in 0.00 ms.
Unloading 2059 Unused Serialized files (Serialized files now loaded: 0)
System memory in use before: 187.7 MB.
System memory in use after: 187.8 MB.

Unloading 21 unused Assets to reduce memory usage. Loaded Objects now: 2578.
Total: 3.523400 ms (FindLiveObjects: 0.728200 ms CreateObjectMapping: 0.294500 ms MarkObjects: 2.425500 ms  DeleteObjects: 0.074300 ms)

AssetImportParameters requested are different than current active one (requested -> active):
  custom:graphics/normal-map-encoding: 01000000000000000000000000000000 -> 02000000000000000000000000000000
========================================================================
Received Import Request.
  Time since last request: 1760.593422 seconds.
  path: Assets/Scenes/Ecosistema/GoldMiner/LagoLevel3.unity
  artifactKey: Guid(b63f09a13efef444d826d87ee34163b3) Importer(815301076,1909f56bfc062723c751e8b465ee728b)
Start importing Assets/Scenes/Ecosistema/GoldMiner/LagoLevel3.unity using Guid(b63f09a13efef444d826d87ee34163b3) Importer(815301076,1909f56bfc062723c751e8b465ee728b)  -> (artifact id: 'a2cd643aebd457889d6b46fba08330ef') in 0.018633 seconds
  Import took 0.023498 seconds .

========================================================================
Received Prepare
Registering precompiled user dll's ...
Registered in 0.001220 seconds.
Begin MonoManager ReloadAssembly
Native extension for WindowsStandalone target not found
Refreshing native plugins compatible for Editor in 0.63 ms, found 1 plugins.
Preloading 0 native plugins for Editor in 0.00 ms.
Invoked RoslynAnalysisRunner static constructor.
RoslynAnalysisRunner will not be running.
RoslynAnalysisRunner has terminated.
Mono: successfully reloaded assembly
- Completed reload, in  0.932 seconds
Platform modules already initialized, skipping
OnLevelWasLoaded was found on SScoreGlobal
This message has been deprecated and will be removed in a later version of Unity.
Add a delegate to SceneManager.sceneLoaded instead to get notifications after scene loading has completed
0x00007ff78142e13c (Unity) StackWalker::GetCurrentCallstack
0x00007ff781436519 (Unity) StackWalker::ShowCallstack
0x00007ff78290a3bc (Unity) GetStacktrace
0x00007ff7839fa273 (Unity) DebugStringToFile
0x00007ff781252bcb (Unity) PopulateMethods
0x00007ff78124bb73 (Unity) CreateMonoScriptCache
0x00007ff78124cd23 (Unity) FindOrCreateMonoScriptCache
0x00007ff781252e73 (Unity) MonoScript::Rebuild
0x00007ff781252f91 (Unity) MonoScript::RebuildFromAwake
0x00007ff78134bd3a (Unity) PersistentManager::ReadAndActivateObjectThreaded
0x00007ff78134c189 (Unity) PersistentManager::ReadObjectThreaded
0x00007ff78134bf3a (Unity) PersistentManager::ReadObject
0x00007ff782a49278 (Unity) AssetImportWorkerClient::RegisterAvailableScripts
0x00007ff782a4456a (Unity) <lambda_79a3ebc38cb5166d44d10a16a21fca24>::operator()
0x00007ff782b0f5e2 (Unity) asio::detail::completion_handler<core::mutable_function<void __cdecl(void)> >::do_complete
0x00007ff782b11740 (Unity) asio::detail::win_iocp_io_service::do_one
0x00007ff782b14ece (Unity) asio::io_service::run
0x00007ff782a8b0c0 (Unity) RunAssetImportWorkerClientV2
0x00007ff782a8b110 (Unity) RunAssetImporterV2
0x00007ff781f9c3f6 (Unity) Application::InitializeProject
0x00007ff782917922 (Unity) WinMain
0x00007ff78478e0d6 (Unity) __scrt_common_main_seh
0x00007ff8cd047034 (KERNEL32) BaseThreadInitThunk
0x00007ff8ce7c2651 (ntdll) RtlUserThreadStart

Switching build target platform(5) subTarget(0) extendedPlatform(0) -> platform(13) subTarget(537395200) extendedPlatform(0)
Refreshing native plugins compatible for Editor in 0.67 ms, found 1 plugins.
Preloading 0 native plugins for Editor in 0.00 ms.
Unloading 2059 Unused Serialized files (Serialized files now loaded: 0)
System memory in use before: 187.7 MB.
System memory in use after: 187.8 MB.

Unloading 21 unused Assets to reduce memory usage. Loaded Objects now: 2582.
Total: 2.399600 ms (FindLiveObjects: 0.312600 ms CreateObjectMapping: 0.118900 ms MarkObjects: 1.928600 ms  DeleteObjects: 0.038300 ms)

AssetImportParameters requested are different than current active one (requested -> active):
  custom:graphics/normal-map-encoding: 01000000000000000000000000000000 -> 02000000000000000000000000000000
AssetImportWorkerClient::OnTransportError - code=2 error=End of file
